garudaMiles/build/outputs/logs/manifest-merger-debug-report.txt
-- Merging decision tree log ---
manifest
ADDED from AndroidManifest.xml:2:1
	package
		ADDED from AndroidManifest.xml:3:5
		INJECTED from AndroidManifest.xml:0:0
		INJECTED from AndroidManifest.xml:0:0
	android:versionName
		ADDED from AndroidManifest.xml:5:5
	android:versionCode
		ADDED from AndroidManifest.xml:4:5
		INJECTED from AndroidManifest.xml:0:0
		INJECTED from AndroidManifest.xml:0:0
	xmlns:android
		ADDED from AndroidManifest.xml:2:11
supports-screens
ADDED from AndroidManifest.xml:7:5
	android:largeScreens
		ADDED from AndroidManifest.xml:9:9
	android:smallScreens
		ADDED from AndroidManifest.xml:12:9
	android:normalScreens
		ADDED from AndroidManifest.xml:10:9
	android:xlargeScreens
		ADDED from AndroidManifest.xml:13:9
	android:resizeable
		ADDED from AndroidManifest.xml:11:9
	android:anyDensity
		ADDED from AndroidManifest.xml:8:9
uses-sdk
ADDED from AndroidManifest.xml:15:5
MERGED from GarudaMiles:library1:unspecified:7:5
MERGED from com.android.support:support-v4:21.0.3:15:5
MERGED from com.actionbarsherlock:actionbarsherlock:4.4.0:3:3
MERGED from com.android.support:support-v4:21.0.3:15:5
MERGED from com.google.android.gms:play-services:6.5.87:18:5
MERGED from com.android.support:support-v4:21.0.3:15:5
	android:targetSdkVersion
		ADDED from AndroidManifest.xml:17:9
		INJECTED from AndroidManifest.xml:0:0
		INJECTED from AndroidManifest.xml:0:0
	android:minSdkVersion
		ADDED from AndroidManifest.xml:16:9
		INJECTED from AndroidManifest.xml:0:0
		INJECTED from AndroidManifest.xml:0:0
uses-feature#0x00020000
ADDED from AndroidManifest.xml:20:5
	android:glEsVersion
		ADDED from AndroidManifest.xml:21:9
	android:required
		ADDED from AndroidManifest.xml:22:9
permission#mobi.mobileforce.garudamiles.permission.MAPS_RECEIVE
ADDED from AndroidManifest.xml:29:5
	android:protectionLevel
		ADDED from AndroidManifest.xml:31:9
	android:name
		ADDED from AndroidManifest.xml:30:9
uses-permission#mobi.mobileforce.garudamiles.permission.MAPS_RECEIVE
ADDED from AndroidManifest.xml:33:5
	android:name
		ADDED from AndroidManifest.xml:33:22
uses-permission#android.permission.ACCESS_NETWORK_STATE
ADDED from AndroidManifest.xml:34:5
	android:name
		ADDED from AndroidManifest.xml:34:22
uses-permission#android.permission.INTERNET
ADDED from AndroidManifest.xml:35:5
	android:name
		ADDED from AndroidManifest.xml:35:22
uses-permission#com.google.android.providers.gsf.permission.READ_GSERVICES
ADDED from AndroidManifest.xml:36:5
	android:name
		ADDED from AndroidManifest.xml:36:22
uses-permission#android.permission.WRITE_EXTERNAL_STORAGE
ADDED from AndroidManifest.xml:37:5
	android:name
		ADDED from AndroidManifest.xml:37:22
uses-permission#android.permission.CAMERA
ADDED from AndroidManifest.xml:38:4
	android:name
		ADDED from AndroidManifest.xml:38:21
uses-permission#android.permission.ACCESS_COARSE_LOCATION
ADDED from AndroidManifest.xml:40:5
	android:name
		ADDED from AndroidManifest.xml:40:22
uses-permission#android.permission.ACCESS_FINE_LOCATION
ADDED from AndroidManifest.xml:41:5
	android:name
		ADDED from AndroidManifest.xml:41:22
application
ADDED from AndroidManifest.xml:43:5
MERGED from com.android.support:support-v4:21.0.3:16:5
MERGED from com.actionbarsherlock:actionbarsherlock:4.4.0:4:3
MERGED from com.android.support:support-v4:21.0.3:16:5
MERGED from com.google.android.gms:play-services:6.5.87:20:5
MERGED from com.android.support:support-v4:21.0.3:16:5
	android:label
		ADDED from AndroidManifest.xml:47:5
	android:allowBackup
		ADDED from AndroidManifest.xml:45:5
	android:icon
		ADDED from AndroidManifest.xml:46:5
	android:theme
		ADDED from AndroidManifest.xml:48:5
	android:name
		ADDED from AndroidManifest.xml:44:5
activity#mobi.mobileforce.garudamiles.LandingActivity
ADDED from AndroidManifest.xml:49:5
	android:screenOrientation
		ADDED from AndroidManifest.xml:52:9
	android:label
		ADDED from AndroidManifest.xml:51:9
	android:theme
		ADDED from AndroidManifest.xml:53:9
	android:name
		ADDED from AndroidManifest.xml:50:9
intent-filter#android.intent.action.MAIN+android.intent.category.LAUNCHER
ADDED from AndroidManifest.xml:54:9
action#android.intent.action.MAIN
ADDED from AndroidManifest.xml:55:13
	android:name
		ADDED from AndroidManifest.xml:55:21
category#android.intent.category.LAUNCHER
ADDED from AndroidManifest.xml:57:13
	android:name
		ADDED from AndroidManifest.xml:57:23
activity#mobi.mobileforce.garudamiles.activity.GalleryActivity
ADDED from AndroidManifest.xml:60:9
	android:screenOrientation
		ADDED from AndroidManifest.xml:63:13
	android:label
		ADDED from AndroidManifest.xml:62:13
	android:theme
		ADDED from AndroidManifest.xml:64:13
	android:name
		ADDED from AndroidManifest.xml:61:13
activity#mobi.mobileforce.garudamiles.activity.SearchReview
ADDED from AndroidManifest.xml:66:9
	android:screenOrientation
		ADDED from AndroidManifest.xml:69:13
	android:label
		ADDED from AndroidManifest.xml:68:13
	android:theme
		ADDED from AndroidManifest.xml:70:13
	android:name
		ADDED from AndroidManifest.xml:67:13
activity#mobi.mobileforce.garudamiles.activity.HomeActivity
ADDED from AndroidManifest.xml:72:9
	android:screenOrientation
		ADDED from AndroidManifest.xml:75:13
	android:label
		ADDED from AndroidManifest.xml:74:13
	android:theme
		ADDED from AndroidManifest.xml:76:13
	android:name
		ADDED from AndroidManifest.xml:73:13
activity#mobi.mobileforce.garudamiles.activity.AttractionTypeActivity
ADDED from AndroidManifest.xml:78:9
	android:screenOrientation
		ADDED from AndroidManifest.xml:81:13
	android:label
		ADDED from AndroidManifest.xml:80:13
	android:theme
		ADDED from AndroidManifest.xml:82:13
	android:name
		ADDED from AndroidManifest.xml:79:13
activity#mobi.mobileforce.garudamiles.activity.PublishActivity
ADDED from AndroidManifest.xml:84:9
	android:screenOrientation
		ADDED from AndroidManifest.xml:87:13
	android:label
		ADDED from AndroidManifest.xml:86:13
	android:theme
		ADDED from AndroidManifest.xml:88:13
	android:name
		ADDED from AndroidManifest.xml:85:13
activity#mobi.mobileforce.garudamiles.activity.ReviewActivity
ADDED from AndroidManifest.xml:90:9
	android:screenOrientation
		ADDED from AndroidManifest.xml:93:13
	android:label
		ADDED from AndroidManifest.xml:92:13
	android:theme
		ADDED from AndroidManifest.xml:94:13
	android:name
		ADDED from AndroidManifest.xml:91:13
activity#mobi.mobileforce.garudamiles.page.AddAttractionName
ADDED from AndroidManifest.xml:96:9
	android:screenOrientation
		ADDED from AndroidManifest.xml:99:13
	android:label
		ADDED from AndroidManifest.xml:98:13
	android:theme
		ADDED from AndroidManifest.xml:100:13
	android:name
		ADDED from AndroidManifest.xml:97:13
activity#com.ortiz.touch.ViewPagerExampleActivity
ADDED from AndroidManifest.xml:102:9
	android:screenOrientation
		ADDED from AndroidManifest.xml:105:9
	android:label
		ADDED from AndroidManifest.xml:104:9
	android:theme
		ADDED from AndroidManifest.xml:106:9
	android:name
		ADDED from AndroidManifest.xml:103:9
activity#mobi.mobileforce.garudamiles.activity.AttractionLocationActivity
ADDED from AndroidManifest.xml:108:9
	android:screenOrientation
		ADDED from AndroidManifest.xml:111:13
	android:label
		ADDED from AndroidManifest.xml:110:13
	android:theme
		ADDED from AndroidManifest.xml:112:13
	android:name
		ADDED from AndroidManifest.xml:109:13
activity#mobi.mobileforce.garudamiles.activity.DetailActivity
ADDED from AndroidManifest.xml:114:9
	android:screenOrientation
		ADDED from AndroidManifest.xml:117:13
	android:label
		ADDED from AndroidManifest.xml:116:13
	android:theme
		ADDED from AndroidManifest.xml:118:13
	android:name
		ADDED from AndroidManifest.xml:115:13
activity#mobi.mobileforce.garudamiles.activity.DetailActivity2
ADDED from AndroidManifest.xml:120:9
	android:screenOrientation
		ADDED from AndroidManifest.xml:123:13
	android:label
		ADDED from AndroidManifest.xml:122:13
	android:theme
		ADDED from AndroidManifest.xml:124:13
	android:name
		ADDED from AndroidManifest.xml:121:13
meta-data#com.google.android.maps.v2.API_KEY
ADDED from AndroidManifest.xml:128:9
	android:value
		ADDED from AndroidManifest.xml:130:13
	android:name
		ADDED from AndroidManifest.xml:129:13
meta-data#com.google.android.gms.version
ADDED from AndroidManifest.xml:131:9
MERGED from com.google.android.gms:play-services:6.5.87:21:9
	android:value
		ADDED from AndroidManifest.xml:133:13
	android:name
		ADDED from AndroidManifest.xml:132:13
android:uses-permission#android.permission.READ_PHONE_STATE
IMPLIED from AndroidManifest.xml:2:1 reason: com.capricorn has a targetSdkVersion < 4
android:uses-permission#android.permission.READ_EXTERNAL_STORAGE
IMPLIED from AndroidManifest.xml:2:1 reason: com.capricorn requested WRITE_EXTERNAL_STORAGE